Using pre-set license
Built from '2021.3/staging' branch; Version is '2021.3.22f1 (b6c551784ba3) revision 11978065'; Using compiler version '192829333'; Build Type 'Release'
OS: 'Windows 11  (10.0.22621) 64bit Professional' Language: 'tr' Physical Memory: 16193 MB
BatchMode: 1, IsHumanControllingUs: 0, StartBugReporterOnCrash: 0, Is64bit: 1, IsPro: 1

COMMAND LINE ARGUMENTS:
C:\Program Files\Unity\Hub\Editor\2021.3.22f1\Editor\Unity.exe
-adb2
-batchMode
-noUpm
-name
AssetImportWorker2
-projectPath
C:/Users/uygur/WheelOfFortune
-logFile
Logs/AssetImportWorker2.log
-srvPort
64734
Successfully changed project path to: C:/Users/uygur/WheelOfFortune
C:/Users/uygur/WheelOfFortune
[UnityMemory] Configuration Parameters - Can be set up in boot.config
    "memorysetup-bucket-allocator-granularity=16"
    "memorysetup-bucket-allocator-bucket-count=8"
    "memorysetup-bucket-allocator-block-size=33554432"
    "memorysetup-bucket-allocator-block-count=8"
    "memorysetup-main-allocator-block-size=16777216"
    "memorysetup-thread-allocator-block-size=16777216"
    "memorysetup-gfx-main-allocator-block-size=16777216"
    "memorysetup-gfx-thread-allocator-block-size=16777216"
    "memorysetup-cache-allocator-block-size=4194304"
    "memorysetup-typetree-allocator-block-size=2097152"
    "memorysetup-profiler-bucket-allocator-granularity=16"
    "memorysetup-profiler-bucket-allocator-bucket-count=8"
    "memorysetup-profiler-bucket-allocator-block-size=33554432"
    "memorysetup-profiler-bucket-allocator-block-count=8"
    "memorysetup-profiler-allocator-block-size=16777216"
    "memorysetup-profiler-editor-allocator-block-size=1048576"
    "memorysetup-temp-allocator-size-main=16777216"
    "memorysetup-job-temp-allocator-block-size=2097152"
    "memorysetup-job-temp-allocator-block-size-background=1048576"
    "memorysetup-job-temp-allocator-reduction-small-platforms=262144"
    "memorysetup-temp-allocator-size-background-worker=32768"
    "memorysetup-temp-allocator-size-job-worker=262144"
    "memorysetup-temp-allocator-size-preload-manager=33554432"
    "memorysetup-temp-allocator-size-nav-mesh-worker=65536"
    "memorysetup-temp-allocator-size-audio-worker=65536"
    "memorysetup-temp-allocator-size-cloud-worker=32768"
    "memorysetup-temp-allocator-size-gi-baking-worker=262144"
    "memorysetup-temp-allocator-size-gfx=262144"
Player connection [16328] Host "[IP] 192.168.185.21 [Port] 0 [Flags] 2 [Guid] 1021877375 [EditorId] 1021877375 [Version] 1048832 [Id] WindowsEditor(7,Lethe) [Debug] 1 [PackageName] WindowsEditor [ProjectName] Editor" joined multi-casting on [225.0.0.222:54997]...

Player connection [16328] Host "[IP] 192.168.185.21 [Port] 0 [Flags] 2 [Guid] 1021877375 [EditorId] 1021877375 [Version] 1048832 [Id] WindowsEditor(7,Lethe) [Debug] 1 [PackageName] WindowsEditor [ProjectName] Editor" joined alternative multi-casting on [225.0.0.222:34997]...

Refreshing native plugins compatible for Editor in 56.29 ms, found 5 plugins.
Preloading 0 native plugins for Editor in 0.00 ms.
Initialize engine version: 2021.3.22f1 (b6c551784ba3)
[Subsystems] Discovering subsystems at path C:/Program Files/Unity/Hub/Editor/2021.3.22f1/Editor/Data/Resources/UnitySubsystems
[Subsystems] Discovering subsystems at path C:/Users/uygur/WheelOfFortune/Assets
GfxDevice: creating device client; threaded=0; jobified=0
Direct3D:
    Version:  Direct3D 11.0 [level 11.1]
    Renderer: NVIDIA GeForce RTX 3070 Ti (ID=0x2207)
    Vendor:   NVIDIA
    VRAM:     8031 MB
    Driver:   31.0.15.3161
Initialize mono
Mono path[0] = 'C:/Program Files/Unity/Hub/Editor/2021.3.22f1/Editor/Data/Managed'
Mono path[1] = 'C:/Program Files/Unity/Hub/Editor/2021.3.22f1/Editor/Data/MonoBleedingEdge/lib/mono/unityjit-win32'
Mono config path = 'C:/Program Files/Unity/Hub/Editor/2021.3.22f1/Editor/Data/MonoBleedingEdge/etc'
Using monoOptions --debugger-agent=transport=dt_socket,embedding=1,server=y,suspend=n,address=127.0.0.1:56568
Begin MonoManager ReloadAssembly
Registering precompiled unity dll's ...
Register platform support module: C:/Program Files/Unity/Hub/Editor/2021.3.22f1/Editor/Data/PlaybackEngines/AndroidPlayer/UnityEditor.Android.Extensions.dll
Register platform support module: C:/Program Files/Unity/Hub/Editor/2021.3.22f1/Editor/Data/PlaybackEngines/WindowsStandaloneSupport/UnityEditor.WindowsStandalone.Extensions.dll
Registered in 0.004177 seconds.
Native extension for WindowsStandalone target not found
Native extension for Android target not found
Android Extension - Scanning For ADB Devices 256 ms
Refreshing native plugins compatible for Editor in 61.88 ms, found 5 plugins.
Preloading 0 native plugins for Editor in 0.00 ms.
Mono: successfully reloaded assembly
- Completed reload, in  0.708 seconds
Domain Reload Profiling:
	ReloadAssembly (708ms)
		BeginReloadAssembly (56ms)
			ExecutionOrderSort (0ms)
			DisableScriptedObjects (0ms)
			BackupInstance (0ms)
			ReleaseScriptingObjects (0ms)
			CreateAndSetChildDomain (0ms)
		EndReloadAssembly (582ms)
			LoadAssemblies (55ms)
			RebuildTransferFunctionScriptingTraits (0ms)
			SetupTypeCache (70ms)
			ReleaseScriptCaches (0ms)
			RebuildScriptCaches (18ms)
			SetupLoadedEditorAssemblies (461ms)
				LogAssemblyErrors (0ms)
				InitializePlatformSupportModulesInManaged (302ms)
				SetLoadedEditorAssemblies (0ms)
				RefreshPlugins (62ms)
				BeforeProcessingInitializeOnLoad (1ms)
				ProcessInitializeOnLoadAttributes (63ms)
				ProcessInitializeOnLoadMethodAttributes (33ms)
				AfterProcessingInitializeOnLoad (0ms)
				EditorAssembliesLoaded (0ms)
			ExecutionOrderSort2 (0ms)
			AwakeInstancesAfterBackupRestoration (0ms)
Platform modules already initialized, skipping
Registering precompiled user dll's ...
Registered in 0.008242 seconds.
Begin MonoManager ReloadAssembly
Symbol file LoadedFromMemory doesn't match image C:\Users\uygur\WheelOfFortune\Library\PackageCache\com.unity.visualscripting@1.8.0\Editor\VisualScripting.Core\Dependencies\YamlDotNet\Unity.VisualScripting.YamlDotNet.dll
Symbol file LoadedFromMemory doesn't match image C:\Users\uygur\WheelOfFortune\Library\PackageCache\com.unity.visualscripting@1.8.0\Editor\VisualScripting.Core\Dependencies\DotNetZip\Unity.VisualScripting.IonicZip.dll
Native extension for WindowsStandalone target not found
Native extension for Android target not found
Refreshing native plugins compatible for Editor in 0.38 ms, found 5 plugins.
Preloading 0 native plugins for Editor in 0.00 ms.
Mono: successfully reloaded assembly
- Completed reload, in  1.499 seconds
Domain Reload Profiling:
	ReloadAssembly (1500ms)
		BeginReloadAssembly (75ms)
			ExecutionOrderSort (0ms)
			DisableScriptedObjects (3ms)
			BackupInstance (0ms)
			ReleaseScriptingObjects (0ms)
			CreateAndSetChildDomain (13ms)
		EndReloadAssembly (1347ms)
			LoadAssemblies (64ms)
			RebuildTransferFunctionScriptingTraits (0ms)
			SetupTypeCache (202ms)
			ReleaseScriptCaches (0ms)
			RebuildScriptCaches (37ms)
			SetupLoadedEditorAssemblies (1016ms)
				LogAssemblyErrors (0ms)
				InitializePlatformSupportModulesInManaged (12ms)
				SetLoadedEditorAssemblies (0ms)
				RefreshPlugins (0ms)
				BeforeProcessingInitializeOnLoad (55ms)
				ProcessInitializeOnLoadAttributes (833ms)
				ProcessInitializeOnLoadMethodAttributes (111ms)
				AfterProcessingInitializeOnLoad (5ms)
				EditorAssembliesLoaded (0ms)
			ExecutionOrderSort2 (0ms)
			AwakeInstancesAfterBackupRestoration (5ms)
Platform modules already initialized, skipping
========================================================================
Worker process is ready to serve import requests
Launched and connected shader compiler UnityShaderCompiler.exe after 0.03 seconds
Refreshing native plugins compatible for Editor in 0.59 ms, found 5 plugins.
Preloading 0 native plugins for Editor in 0.00 ms.
Unloading 3282 Unused Serialized files (Serialized files now loaded: 0)
Unloading 39 unused Assets / (115.8 KB). Loaded Objects now: 3792.
Memory consumption went from 117.3 MB to 117.2 MB.
Total: 15.389000 ms (FindLiveObjects: 0.192300 ms CreateObjectMapping: 0.124800 ms MarkObjects: 14.970400 ms  DeleteObjects: 0.099900 ms)

AssetImportParameters requested are different than current active one (requested -> active):
  custom:video-decoder-ogg-theora: a1e56fd34408186e4bbccfd4996cb3dc -> 
  custom:container-muxer-webm: aa71ff27fc2769a1b78a27578f13a17b -> 
  custom:container-demuxer-webm: 4f35f7cbe854078d1ac9338744f61a02 -> 
  custom:video-encoder-webm-vp8: eb34c28f22e8b96e1ab97ce403110664 -> 
  custom:video-codec-MediaFoundation-h265: 746d11721c4dcdbdad8f713fa42b33f4 -> 
  custom:audio-encoder-webm-vorbis: bf7c407c2cedff20999df2af8eb42d56 -> 
  custom:framework-win-MediaFoundation: 216162199b28c13a410421893ffa2e32 -> 
  custom:container-demuxer-ogg: 62fdf1f143b41e24485cea50d1cbac27 -> 
  custom:video-decoder-webm-vp8: 9c59270c3fd7afecdb556c50c9e8de78 -> 
  custom:audio-decoder-ogg-vorbis: bf7c407c2cedff20999df2af8eb42d56 -> 
========================================================================
Received Import Request.
  Time since last request: 1447.967984 seconds.
  path: Assets/Sprites/ui_other/ui_card_fill_back_generic.png
  artifactKey: Guid(171f5adb77f44834a8163b6dc7d874db) Importer(815301076,1909f56bfc062723c751e8b465ee728b)
Start importing Assets/Sprites/ui_other/ui_card_fill_back_generic.png using Guid(171f5adb77f44834a8163b6dc7d874db) Importer(815301076,1909f56bfc062723c751e8b465ee728b)  -> (artifact id: '3bcd96561aa9d9ad62380e99e151d982') in 0.119493 seconds 
========================================================================
Received Import Request.
  Time since last request: 8.435461 seconds.
  path: Assets/Sprites/ui_spins/UI_spin_bronze_indicator.png
  artifactKey: Guid(e75429912381dff49914012d492a2819) Importer(815301076,1909f56bfc062723c751e8b465ee728b)
Start importing Assets/Sprites/ui_spins/UI_spin_bronze_indicator.png using Guid(e75429912381dff49914012d492a2819) Importer(815301076,1909f56bfc062723c751e8b465ee728b)  -> (artifact id: 'dfe4e011ba5999a63e83aad7f25c5d1d') in 0.010664 seconds 
========================================================================
Received Import Request.
  Time since last request: 0.028355 seconds.
  path: Assets/Sprites/ui_spins/UI_spin_bronze_base.png
  artifactKey: Guid(8b400a85b10217f44a7f99335820dd71) Importer(815301076,1909f56bfc062723c751e8b465ee728b)
Start importing Assets/Sprites/ui_spins/UI_spin_bronze_base.png using Guid(8b400a85b10217f44a7f99335820dd71) Importer(815301076,1909f56bfc062723c751e8b465ee728b)  -> (artifact id: 'cebfe39f39308f5e5f7290a8506ef6fb') in 0.046632 seconds 
========================================================================
Received Import Request.
  Time since last request: 7.901288 seconds.
  path: Assets/Sprites/ui_spins/UI_spin_bronze_indicator.png
  artifactKey: Guid(e75429912381dff49914012d492a2819) Importer(815301076,1909f56bfc062723c751e8b465ee728b)
Start importing Assets/Sprites/ui_spins/UI_spin_bronze_indicator.png using Guid(e75429912381dff49914012d492a2819) Importer(815301076,1909f56bfc062723c751e8b465ee728b)  -> (artifact id: 'a52897835397d0f66f374795b4489ca9') in 0.006464 seconds 
========================================================================
Received Import Request.
  Time since last request: 0.026300 seconds.
  path: Assets/Sprites/ui_spins/UI_spin_bronze_base.png
  artifactKey: Guid(8b400a85b10217f44a7f99335820dd71) Importer(815301076,1909f56bfc062723c751e8b465ee728b)
Start importing Assets/Sprites/ui_spins/UI_spin_bronze_base.png using Guid(8b400a85b10217f44a7f99335820dd71) Importer(815301076,1909f56bfc062723c751e8b465ee728b)  -> (artifact id: '9503c589761c37d2559efa83aa514e84') in 0.047544 seconds 
========================================================================
Received Import Request.
  Time since last request: 8.530814 seconds.
  path: Assets/Sprites/ui_spins/UI_spin_bronze_indicator.png
  artifactKey: Guid(e75429912381dff49914012d492a2819) Importer(815301076,1909f56bfc062723c751e8b465ee728b)
Start importing Assets/Sprites/ui_spins/UI_spin_bronze_indicator.png using Guid(e75429912381dff49914012d492a2819) Importer(815301076,1909f56bfc062723c751e8b465ee728b)  -> (artifact id: 'cb31bc69cde9be4ff3ca121bc905e87b') in 0.006545 seconds 
========================================================================
Received Import Request.
  Time since last request: 0.019062 seconds.
  path: Assets/Sprites/ui_spins/UI_spin_bronze_base.png
  artifactKey: Guid(8b400a85b10217f44a7f99335820dd71) Importer(815301076,1909f56bfc062723c751e8b465ee728b)
Start importing Assets/Sprites/ui_spins/UI_spin_bronze_base.png using Guid(8b400a85b10217f44a7f99335820dd71) Importer(815301076,1909f56bfc062723c751e8b465ee728b)  -> (artifact id: '3e807e1b99f86b1d6583b71e115a1720') in 0.035215 seconds 
========================================================================
Received Import Request.
  Time since last request: 3.967752 seconds.
  path: Assets/Sprites/ui_spins/UI_spin_bronze_indicator.png
  artifactKey: Guid(e75429912381dff49914012d492a2819) Importer(815301076,1909f56bfc062723c751e8b465ee728b)
Start importing Assets/Sprites/ui_spins/UI_spin_bronze_indicator.png using Guid(e75429912381dff49914012d492a2819) Importer(815301076,1909f56bfc062723c751e8b465ee728b)  -> (artifact id: 'a555089a9007df13a99387e1ac923adb') in 0.006757 seconds 
========================================================================
Received Import Request.
  Time since last request: 0.026137 seconds.
  path: Assets/Sprites/ui_spins/UI_spin_bronze_base.png
  artifactKey: Guid(8b400a85b10217f44a7f99335820dd71) Importer(815301076,1909f56bfc062723c751e8b465ee728b)
Start importing Assets/Sprites/ui_spins/UI_spin_bronze_base.png using Guid(8b400a85b10217f44a7f99335820dd71) Importer(815301076,1909f56bfc062723c751e8b465ee728b)  -> (artifact id: '453b72d7f9c1a72fc44e188cbe3e7244') in 0.041410 seconds 
========================================================================
Received Import Request.
  Time since last request: 5.543466 seconds.
  path: Assets/Sprites/ui_spins/UI_spin_bronze_indicator.png
  artifactKey: Guid(e75429912381dff49914012d492a2819) Importer(815301076,1909f56bfc062723c751e8b465ee728b)
Start importing Assets/Sprites/ui_spins/UI_spin_bronze_indicator.png using Guid(e75429912381dff49914012d492a2819) Importer(815301076,1909f56bfc062723c751e8b465ee728b)  -> (artifact id: '4de82ee05a543bfd2feb6524fd547c2c') in 0.006370 seconds 
========================================================================
Received Import Request.
  Time since last request: 0.023768 seconds.
  path: Assets/Sprites/ui_spins/UI_spin_bronze_base.png
  artifactKey: Guid(8b400a85b10217f44a7f99335820dd71) Importer(815301076,1909f56bfc062723c751e8b465ee728b)
Start importing Assets/Sprites/ui_spins/UI_spin_bronze_base.png using Guid(8b400a85b10217f44a7f99335820dd71) Importer(815301076,1909f56bfc062723c751e8b465ee728b)  -> (artifact id: '60b699f707479cca6b7a6d858a3359c3') in 0.044984 seconds 
Editor requested this worker to shutdown with reason: Scaling down because of idle timeout
AssetImportWorker is now disconnected from the server
Process exiting
Exiting without the bug reporter. Application will terminate with return code 0